Performing C SOURCE FILE Test CMAKE_HAVE_LIBC_PTHREAD failed with the following output:
Change Dir: /home/local.isima.fr/vicanhotod/shared/ZZ3/TP_cpp/tp_1/build/CMakeFiles/CMakeTmp

Run Build Command(s):/usr/bin/gmake cmTC_891be/fast && gmake: Avertissement : le fichier « Makefile » a une date de modification 312 s dans le futur
/usr/bin/gmake  -f CMakeFiles/cmTC_891be.dir/build.make CMakeFiles/cmTC_891be.dir/build
gmake[1] : on entre dans le répertoire « /mnt/local.isima.fr/vicanhotod/ZZ3/TP_cpp/tp_1/build/CMakeFiles/CMakeTmp »
gmake[1]: Avertissement : le fichier « CMakeFiles/cmTC_891be.dir/flags.make » a une date de modification 312 s dans le futur
Building C object CMakeFiles/cmTC_891be.dir/src.c.o
/usr/bin/cc   -DCMAKE_HAVE_LIBC_PTHREAD -o CMakeFiles/cmTC_891be.dir/src.c.o -c /home/local.isima.fr/vicanhotod/shared/ZZ3/TP_cpp/tp_1/build/CMakeFiles/CMakeTmp/src.c
Linking C executable cmTC_891be
/usr/bin/cmake -E cmake_link_script CMakeFiles/cmTC_891be.dir/link.txt --verbose=1
/usr/bin/cc  -DCMAKE_HAVE_LIBC_PTHREAD -rdynamic CMakeFiles/cmTC_891be.dir/src.c.o -o cmTC_891be 
/usr/bin/ld : CMakeFiles/cmTC_891be.dir/src.c.o : dans la fonction « main » :
src.c:(.text+0x2f) : référence indéfinie vers « pthread_create »
/usr/bin/ld : src.c:(.text+0x3b) : référence indéfinie vers « pthread_detach »
/usr/bin/ld : src.c:(.text+0x47) : référence indéfinie vers « pthread_cancel »
/usr/bin/ld : src.c:(.text+0x58) : référence indéfinie vers « pthread_join »
collect2: error: ld returned 1 exit status
gmake[1]: *** [CMakeFiles/cmTC_891be.dir/build.make:106 : cmTC_891be] Erreur 1
gmake[1] : on quitte le répertoire « /mnt/local.isima.fr/vicanhotod/ZZ3/TP_cpp/tp_1/build/CMakeFiles/CMakeTmp »
gmake: *** [Makefile:140 : cmTC_891be/fast] Erreur 2


Source file was:
#include <pthread.h>

void* test_func(void* data)
{
  return data;
}

int main(void)
{
  pthread_t thread;
  pthread_create(&thread, NULL, test_func, NULL);
  pthread_detach(thread);
  pthread_cancel(thread);
  pthread_join(thread, NULL);
  pthread_atfork(NULL, NULL, NULL);
  pthread_exit(NULL);

  return 0;
}

Determining if the function pthread_create exists in the pthreads failed with the following output:
Change Dir: /home/local.isima.fr/vicanhotod/shared/ZZ3/TP_cpp/tp_1/build/CMakeFiles/CMakeTmp

Run Build Command(s):/usr/bin/gmake cmTC_b1f41/fast && gmake: Avertissement : le fichier « Makefile » a une date de modification 312 s dans le futur
/usr/bin/gmake  -f CMakeFiles/cmTC_b1f41.dir/build.make CMakeFiles/cmTC_b1f41.dir/build
gmake[1] : on entre dans le répertoire « /mnt/local.isima.fr/vicanhotod/ZZ3/TP_cpp/tp_1/build/CMakeFiles/CMakeTmp »
gmake[1]: Avertissement : le fichier « CMakeFiles/cmTC_b1f41.dir/flags.make » a une date de modification 312 s dans le futur
Building C object CMakeFiles/cmTC_b1f41.dir/CheckFunctionExists.c.o
/usr/bin/cc   -DCHECK_FUNCTION_EXISTS=pthread_create -o CMakeFiles/cmTC_b1f41.dir/CheckFunctionExists.c.o -c /usr/share/cmake-3.18/Modules/CheckFunctionExists.c
Linking C executable cmTC_b1f41
/usr/bin/cmake -E cmake_link_script CMakeFiles/cmTC_b1f41.dir/link.txt --verbose=1
/usr/bin/cc  -DCHECK_FUNCTION_EXISTS=pthread_create -rdynamic CMakeFiles/cmTC_b1f41.dir/CheckFunctionExists.c.o -o cmTC_b1f41  -lpthreads 
/usr/bin/ld : ne peut trouver -lpthreads
collect2: error: ld returned 1 exit status
gmake[1]: *** [CMakeFiles/cmTC_b1f41.dir/build.make:106 : cmTC_b1f41] Erreur 1
gmake[1] : on quitte le répertoire « /mnt/local.isima.fr/vicanhotod/ZZ3/TP_cpp/tp_1/build/CMakeFiles/CMakeTmp »
gmake: *** [Makefile:140 : cmTC_b1f41/fast] Erreur 2



Performing C SOURCE FILE Test CMAKE_HAVE_LIBC_PTHREAD failed with the following output:
Change Dir: /home/local.isima.fr/vicanhotod/tp_1/build/CMakeFiles/CMakeTmp

Run Build Command(s):/usr/bin/gmake cmTC_b19c0/fast && /usr/bin/gmake  -f CMakeFiles/cmTC_b19c0.dir/build.make CMakeFiles/cmTC_b19c0.dir/build
gmake[1] : on entre dans le répertoire « /home/local.isima.fr/vicanhotod/tp_1/build/CMakeFiles/CMakeTmp »
Building C object CMakeFiles/cmTC_b19c0.dir/src.c.o
/usr/bin/cc   -DCMAKE_HAVE_LIBC_PTHREAD -o CMakeFiles/cmTC_b19c0.dir/src.c.o -c /home/local.isima.fr/vicanhotod/tp_1/build/CMakeFiles/CMakeTmp/src.c
Linking C executable cmTC_b19c0
/usr/bin/cmake -E cmake_link_script CMakeFiles/cmTC_b19c0.dir/link.txt --verbose=1
/usr/bin/cc  -DCMAKE_HAVE_LIBC_PTHREAD -rdynamic CMakeFiles/cmTC_b19c0.dir/src.c.o -o cmTC_b19c0 
/usr/bin/ld : CMakeFiles/cmTC_b19c0.dir/src.c.o : dans la fonction « main » :
src.c:(.text+0x2f) : référence indéfinie vers « pthread_create »
/usr/bin/ld : src.c:(.text+0x3b) : référence indéfinie vers « pthread_detach »
/usr/bin/ld : src.c:(.text+0x47) : référence indéfinie vers « pthread_cancel »
/usr/bin/ld : src.c:(.text+0x58) : référence indéfinie vers « pthread_join »
collect2: error: ld returned 1 exit status
gmake[1]: *** [CMakeFiles/cmTC_b19c0.dir/build.make:106 : cmTC_b19c0] Erreur 1
gmake[1] : on quitte le répertoire « /home/local.isima.fr/vicanhotod/tp_1/build/CMakeFiles/CMakeTmp »
gmake: *** [Makefile:140 : cmTC_b19c0/fast] Erreur 2


Source file was:
#include <pthread.h>

void* test_func(void* data)
{
  return data;
}

int main(void)
{
  pthread_t thread;
  pthread_create(&thread, NULL, test_func, NULL);
  pthread_detach(thread);
  pthread_cancel(thread);
  pthread_join(thread, NULL);
  pthread_atfork(NULL, NULL, NULL);
  pthread_exit(NULL);

  return 0;
}

Determining if the function pthread_create exists in the pthreads failed with the following output:
Change Dir: /home/local.isima.fr/vicanhotod/tp_1/build/CMakeFiles/CMakeTmp

Run Build Command(s):/usr/bin/gmake cmTC_cc60c/fast && /usr/bin/gmake  -f CMakeFiles/cmTC_cc60c.dir/build.make CMakeFiles/cmTC_cc60c.dir/build
gmake[1] : on entre dans le répertoire « /home/local.isima.fr/vicanhotod/tp_1/build/CMakeFiles/CMakeTmp »
Building C object CMakeFiles/cmTC_cc60c.dir/CheckFunctionExists.c.o
/usr/bin/cc   -DCHECK_FUNCTION_EXISTS=pthread_create -o CMakeFiles/cmTC_cc60c.dir/CheckFunctionExists.c.o -c /usr/share/cmake-3.18/Modules/CheckFunctionExists.c
Linking C executable cmTC_cc60c
/usr/bin/cmake -E cmake_link_script CMakeFiles/cmTC_cc60c.dir/link.txt --verbose=1
/usr/bin/cc  -DCHECK_FUNCTION_EXISTS=pthread_create -rdynamic CMakeFiles/cmTC_cc60c.dir/CheckFunctionExists.c.o -o cmTC_cc60c  -lpthreads 
/usr/bin/ld : ne peut trouver -lpthreads
collect2: error: ld returned 1 exit status
gmake[1]: *** [CMakeFiles/cmTC_cc60c.dir/build.make:106 : cmTC_cc60c] Erreur 1
gmake[1] : on quitte le répertoire « /home/local.isima.fr/vicanhotod/tp_1/build/CMakeFiles/CMakeTmp »
gmake: *** [Makefile:140 : cmTC_cc60c/fast] Erreur 2



